{"C:\\Users\\greeshma\\queue-jest-assign\\src\\Queue.js": {"path":"C:\\Users\\greeshma\\queue-jest-assign\\src\\Queue.js","statementMap":{"0":{"start":{"line":4,"column":6},"end":{"line":4,"column":22}},"1":{"start":{"line":8,"column":6},"end":{"line":8,"column":31}},"2":{"start":{"line":12,"column":6},"end":{"line":12,"column":32}},"3":{"start":{"line":16,"column":6},"end":{"line":16,"column":27}},"4":{"start":{"line":20,"column":6},"end":{"line":20,"column":31}},"5":{"start":{"line":24,"column":6},"end":{"line":24,"column":37}},"6":{"start":{"line":28,"column":6},"end":{"line":28,"column":22}},"7":{"start":{"line":32,"column":2},"end":{"line":32,"column":25}}},"fnMap":{"0":{"name":"(anonymous_0)","decl":{"start":{"line":3,"column":4},"end":{"line":3,"column":5}},"loc":{"start":{"line":3,"column":18},"end":{"line":5,"column":5}},"line":3},"1":{"name":"(anonymous_1)","decl":{"start":{"line":7,"column":4},"end":{"line":7,"column":5}},"loc":{"start":{"line":7,"column":21},"end":{"line":9,"column":5}},"line":7},"2":{"name":"(anonymous_2)","decl":{"start":{"line":11,"column":4},"end":{"line":11,"column":5}},"loc":{"start":{"line":11,"column":14},"end":{"line":13,"column":5}},"line":11},"3":{"name":"(anonymous_3)","decl":{"start":{"line":15,"column":4},"end":{"line":15,"column":5}},"loc":{"start":{"line":15,"column":11},"end":{"line":17,"column":5}},"line":15},"4":{"name":"(anonymous_4)","decl":{"start":{"line":19,"column":4},"end":{"line":19,"column":5}},"loc":{"start":{"line":19,"column":13},"end":{"line":21,"column":5}},"line":19},"5":{"name":"(anonymous_5)","decl":{"start":{"line":23,"column":4},"end":{"line":23,"column":5}},"loc":{"start":{"line":23,"column":14},"end":{"line":25,"column":5}},"line":23},"6":{"name":"(anonymous_6)","decl":{"start":{"line":27,"column":4},"end":{"line":27,"column":5}},"loc":{"start":{"line":27,"column":16},"end":{"line":29,"column":5}},"line":27}},"branchMap":{},"s":{"0":7,"1":9,"2":1,"3":2,"4":5,"5":4,"6":1,"7":1},"f":{"0":7,"1":9,"2":1,"3":2,"4":5,"5":4,"6":1},"b":{},"_coverageSchema":"1a1c01bbd47fc00a2c39e90264f33305004495a9","hash":"363410419d0fa39f61a8c0d9efa978420d7c5894"}
}
