<?xml version="1.0" encoding="UTF-8"?>
<coverage generated="1745787392575" clover="3.2.0">
  <project timestamp="1745787392575" name="All files">
    <metrics statements="8" coveredstatements="8" conditionals="0" coveredconditionals="0" methods="7" coveredmethods="7" elements="15" coveredelements="15" complexity="0" loc="8" ncloc="8" packages="1" files="1" classes="1"/>
    <file name="Queue.js" path="C:\Users\greeshma\queue-jest-assign\src\Queue.js">
      <metrics statements="8" coveredstatements="8" conditionals="0" coveredconditionals="0" methods="7" coveredmethods="7"/>
      <line num="4" count="7" type="stmt"/>
      <line num="8" count="9" type="stmt"/>
      <line num="12" count="1" type="stmt"/>
      <line num="16" count="2" type="stmt"/>
      <line num="20" count="5" type="stmt"/>
      <line num="24" count="4" type="stmt"/>
      <line num="28" count="1" type="stmt"/>
      <line num="32" count="1" type="stmt"/>
    </file>
  </project>
</coverage>
